[1007/174840.478:ERROR:directory_reader_win.cc(43)] FindFirstFile: Le chemin d’accès spécifié est introuvable. (0x3)
[1013/111946.787:ERROR:directory_reader_win.cc(43)] FindFirstFile: Le chemin d’accès spécifié est introuvable. (0x3)
[1013/165028.401:ERROR:process_reader_win.cc(151)] SuspendThread: Accès refusé. (0x5)
[1013/165028.403:ERROR:exception_snapshot_win.cc(99)] thread ID 36120 not found in process
[1014/165202.744:ERROR:file_io.cc(90)] ReadExactly: expected 36, observed 0
[1015/171410.022:ERROR:directory_reader_win.cc(43)] FindFirstFile: Le chemin d’accès spécifié est introuvable. (0x3)
[1019/143728.215:ERROR:directory_reader_win.cc(43)] FindFirstFile: Le chemin d’accès spécifié est introuvable. (0x3)
[1019/200242.849:ERROR:process_reader_win.cc(123)] NtOpenThread: {Accès refusé} Un processus a demandé l’accès a un objet, mais il ne bénéficie pas des autorisations nécessaires. (0xc0000022)
[1019/200242.854:ERROR:exception_snapshot_win.cc(99)] thread ID 48992 not found in process
[1019/200242.854:ERROR:process_reader_win.cc(123)] NtOpenThread: {Accès refusé} Un processus a demandé l’accès a un objet, mais il ne bénéficie pas des autorisations nécessaires. (0xc0000022)
[1019/200242.855:ERROR:exception_snapshot_win.cc(99)] thread ID 12484 not found in process
[1019/200242.856:ERROR:process_reader_win.cc(123)] NtOpenThread: {Accès refusé} Un processus a demandé l’accès a un objet, mais il ne bénéficie pas des autorisations nécessaires. (0xc0000022)
[1019/200242.856:ERROR:exception_snapshot_win.cc(99)] thread ID 23364 not found in process
[1019/200242.874:ERROR:process_reader_win.cc(123)] NtOpenThread: {Accès refusé} Un processus a demandé l’accès a un objet, mais il ne bénéficie pas des autorisations nécessaires. (0xc0000022)
[1019/200242.874:ERROR:exception_snapshot_win.cc(99)] thread ID 9120 not found in process
[1019/200242.886:ERROR:process_reader_win.cc(123)] NtOpenThread: {Accès refusé} Un processus a demandé l’accès a un objet, mais il ne bénéficie pas des autorisations nécessaires. (0xc0000022)
[1019/200242.886:ERROR:exception_snapshot_win.cc(99)] thread ID 47604 not found in process
[1019/200242.893:ERROR:process_reader_win.cc(123)] NtOpenThread: {Accès refusé} Un processus a demandé l’accès a un objet, mais il ne bénéficie pas des autorisations nécessaires. (0xc0000022)
[1019/200242.893:ERROR:exception_snapshot_win.cc(99)] thread ID 39328 not found in process
[1019/200242.989:ERROR:process_info.cc(329)] VirtualQueryEx: Accès refusé. (0x5)
[1019/200242.989:ERROR:process_info.cc(556)] ReadMemoryInfo failed
[1019/200242.989:ERROR:process_memory_win.cc(39)] Failed to initialize ProcessInfo.
[1019/200242.989:ERROR:scoped_process_suspend.cc(40)] NtResumeProcess: Tentative d’accès à un processus en cours d’arrêt. (0xc000010a)
